<?xml version="1.0" encoding="UTF-8"?>
<testsuite xmlns:xsi="http://www.w3.org/2001/XMLSchema-instance" xsi:noNamespaceSchemaLocation="https://maven.apache.org/surefire/maven-surefire-plugin/xsd/surefire-test-report-3.0.xsd" version="3.0" name="com.library.LibraryManagementApplicationTest" time="0.47" tests="1" errors="0" skipped="0" failures="0">
  <properties>
[...]
</properties>
  <testcase name="testMainRunsWithoutException" classname="com.library.LibraryManagementApplicationTest" time="0.392">
    <system-out><![CDATA[BookService is active.
BookRepository is ready.
]]></system-out>
  </testcase>
</testsuite>