<?xml version="1.0" encoding="UTF-8"?>
<testsuite xmlns:xsi="http://www.w3.org/2001/XMLSchema-instance" xsi:noNamespaceSchemaLocation="https://maven.apache.org/surefire/maven-surefire-plugin/xsd/surefire-test-report.xsd" version="3.0.2" name="com.cognizant.ormlearn.OrmLearnApplicationTests" time="6.251" tests="2" errors="0" skipped="0" failures="0">
  <properties>
[...]
</properties>
  <testcase name="contextLoads" classname="com.cognizant.ormlearn.OrmLearnApplicationTests" time="0.634">
    <system-out><![CDATA[00:19:29.133 [main] INFO org.springframework.test.context.support.AnnotationConfigContextLoaderUtils -- Could not detect default configuration classes for test class [com.cognizant.ormlearn.OrmLearnApplicationTests]: OrmLearnApplicationTests does not declare any static, non-private, non-final, nested classes annotated with @Configuration.
00:19:29.309 [main] INFO org.springframework.boot.test.context.SpringBootTestContextBootstrapper -- Found @SpringBootConfiguration com.cognizant.ormlearn.OrmLearnApplication for test class com.cognizant.ormlearn.OrmLearnApplicationTests
00:19:29.542 [main] INFO org.springframework.boot.devtools.restart.RestartApplicationListener -- Restart disabled due to context in which it is running

  .   ____          _            __ _ _
 /\\ / ___'_ __ _ _(_)_ __  __ _ \ \ \ \
( ( )\___ | '_ | '_| | '_ \/ _` | \ \ \ \
 \\/  ___)| |_)| | | | | || (_| |  ) ) ) )
  '  |____| .__|_| |_|_| |_\__, | / / / /
 =========|_|==============|___/=/_/_/_/

 :: Spring Boot ::                (v3.5.0)

2026-07-12T00:19:29.970+05:30  INFO 6896 --- [           main] c.c.ormlearn.OrmLearnApplicationTests    : Starting OrmLearnApplicationTests using Java 25.0.3 with PID 6896 (started by kartheeswar in D:\project\java\cognizant\Week-2\Spring Data JPA\Hands-On-1-Spring-Data-JPA-Quick-Example)
2026-07-12T00:19:29.972+05:30  INFO 6896 --- [           main] c.c.ormlearn.OrmLearnApplicationTests    : No active profile set, falling back to 1 default profile: "default"
2026-07-12T00:19:30.546+05:30  INFO 6896 --- [           main] .s.d.r.c.RepositoryConfigurationDelegate : Bootstrapping Spring Data JPA repositories in DEFAULT mode.
2026-07-12T00:19:30.626+05:30  INFO 6896 --- [           main] .s.d.r.c.RepositoryConfigurationDelegate : Finished Spring Data repository scanning in 66 ms. Found 1 JPA repository interface.
2026-07-12T00:19:31.242+05:30  INFO 6896 --- [           main] o.hibernate.jpa.internal.util.LogHelper  : HHH000204: Processing PersistenceUnitInfo [name: default]
2026-07-12T00:19:31.317+05:30  INFO 6896 --- [           main] org.hibernate.Version                    : HHH000412: Hibernate ORM core version 6.6.15.Final
2026-07-12T00:19:31.369+05:30  INFO 6896 --- [           main] o.h.c.internal.RegionFactoryInitiator    : HHH000026: Second-level cache disabled
2026-07-12T00:19:31.864+05:30  INFO 6896 --- [           main] o.s.o.j.p.SpringPersistenceUnitInfo      : No LoadTimeWeaver setup: ignoring JPA class transformer
2026-07-12T00:19:31.924+05:30  INFO 6896 --- [           main] com.zaxxer.hikari.HikariDataSource       : HikariPool-1 - Starting...
2026-07-12T00:19:32.516+05:30  INFO 6896 --- [           main] com.zaxxer.hikari.pool.HikariPool        : HikariPool-1 - Added connection com.mysql.cj.jdbc.ConnectionImpl@547aaa32
2026-07-12T00:19:32.519+05:30  INFO 6896 --- [           main] com.zaxxer.hikari.HikariDataSource       : HikariPool-1 - Start completed.
2026-07-12T00:19:32.601+05:30  WARN 6896 --- [           main] org.hibernate.orm.deprecation            : HHH90000025: MySQLDialect does not need to be specified explicitly using 'hibernate.dialect' (remove the property setting and it will be selected by default)
2026-07-12T00:19:32.632+05:30  INFO 6896 --- [           main] org.hibernate.orm.connections.pooling    : HHH10001005: Database info:
	Database JDBC URL [Connecting through datasource 'HikariDataSource (HikariPool-1)']
	Database driver: undefined/unknown
	Database version: 8.0.46
	Autocommit mode: undefined/unknown
	Isolation level: undefined/unknown
	Minimum pool size: undefined/unknown
	Maximum pool size: undefined/unknown
2026-07-12T00:19:33.756+05:30  INFO 6896 --- [           main] o.h.e.t.j.p.i.JtaPlatformInitiator       : HHH000489: No JTA platform available (set 'hibernate.transaction.jta.platform' to enable JTA platform integration)
2026-07-12T00:19:33.814+05:30  INFO 6896 --- [           main] j.LocalContainerEntityManagerFactoryBean : Initialized JPA EntityManagerFactory for persistence unit 'default'
2026-07-12T00:19:34.298+05:30  INFO 6896 --- [           main] c.c.ormlearn.OrmLearnApplicationTests    : Started OrmLearnApplicationTests in 4.774 seconds (process running for 6.206)
2026-07-12T00:19:34.303+05:30  INFO 6896 --- [           main] c.c.ormlearn.OrmLearnApplication         : Start
2026-07-12T00:19:34.516+05:30  INFO 6896 --- [           main] c.c.ormlearn.OrmLearnApplication         : Countries = [Country{code='IN', name='India'}, Country{code='US', name='United States of America'}]
2026-07-12T00:19:34.516+05:30  INFO 6896 --- [           main] c.c.ormlearn.OrmLearnApplication         : End
]]></system-out>
    <system-err><![CDATA[Mockito is currently self-attaching to enable the inline-mock-maker. This will no longer work in future releases of the JDK. Please add Mockito as an agent to your build as described in Mockito's documentation: https://javadoc.io/doc/org.mockito/mockito-core/latest/org.mockito/org/mockito/Mockito.html#0.3
WARNING: A Java agent has been loaded dynamically (C:\Users\kartheeswar\.m2\repository\net\bytebuddy\byte-buddy-agent\1.17.5\byte-buddy-agent-1.17.5.jar)
WARNING: If a serviceability tool is in use, please run with -XX:+EnableDynamicAgentLoading to hide this warning
WARNING: If a serviceability tool is not in use, please run with -Djdk.instrument.traceUsage for more information
WARNING: Dynamic loading of agents will be disallowed by default in a future release
]]></system-err>
  </testcase>
  <testcase name="countryTableReturnsRecords" classname="com.cognizant.ormlearn.OrmLearnApplicationTests" time="0.027"/>
</testsuite>